<?xml version="1.0" ?>
<coverage version="7.2.7" timestamp="1687619559694" lines-valid="759" lines-covered="670" line-rate="0.8827" branches-valid="328" branches-covered="242" branch-rate="0.7378" complexity="0">
	<!-- Generated by coverage.py: https://coverage.readthedocs.io/en/7.2.7 -->
	<!-- Based on https://raw.githubusercontent.com/cobertura/web/master/htdocs/xml/coverage-04.dtd -->
	<sources>
		<source>/home/falk/dev/pyise-ers</source>
	</sources>
	<packages>
		<package name="." line-rate="1" branch-rate="1" complexity="0">
			<classes>
				<class name="__init__.py" filename="__init__.py" complexity="0" line-rate="1" branch-rate="1">
					<methods/>
					<lines/>
				</class>
			</classes>
		</package>
		<package name="pyise_ers" line-rate="0.8827" branch-rate="0.7378" complexity="0">
			<classes>
				<class name="__init__.py" filename="pyise_ers/__init__.py" complexity="0" line-rate="1" branch-rate="1">
					<methods/>
					<lines/>
				</class>
				<class name="pyiseers.py" filename="pyise_ers/pyiseers.py" complexity="0" line-rate="0.8827" branch-rate="0.7378">
					<methods/>
					<lines>
						<line number="2" hits="1"/>
						<line number="3" hits="1"/>
						<line number="4" hits="1"/>
						<line number="5" hits="1"/>
						<line number="6" hits="1"/>
						<line number="8" hits="1"/>
						<line number="9" hits="1"/>
						<line number="11" hits="1"/>
						<line number="14" hits="1"/>
						<line number="15" hits="1"/>
						<line number="16" hits="1"/>
						<line number="18" hits="1"/>
						<line number="19" hits="1"/>
						<line number="22" hits="1"/>
						<line number="23" hits="1"/>
						<line number="44" hits="1"/>
						<line number="45" hits="1"/>
						<line number="46" hits="1"/>
						<line number="47" hits="1"/>
						<line number="49" hits="1"/>
						<line number="50" hits="1"/>
						<line number="51" hits="1"/>
						<line number="53" hits="1"/>
						<line number="54" hits="1"/>
						<line number="55" hits="1"/>
						<line number="56" hits="1"/>
						<line number="57" hits="1"/>
						<line number="58" hits="1"/>
						<line number="59" hits="1"/>
						<line number="61" hits="1" branch="true" condition-coverage="50% (1/2)" missing-branches="exit"/>
						<line number="62" hits="1"/>
						<line number="64" hits="1"/>
						<line number="65" hits="1"/>
						<line number="72" hits="1" branch="true" condition-coverage="100% (2/2)"/>
						<line number="76" hits="1"/>
						<line number="78" hits="1"/>
						<line number="80" hits="1"/>
						<line number="81" hits="1"/>
						<line number="88" hits="1" branch="true" condition-coverage="100% (2/2)"/>
						<line number="89" hits="1"/>
						<line number="91" hits="1"/>
						<line number="93" hits="1"/>
						<line number="94" hits="1"/>
						<line number="101" hits="1" branch="true" condition-coverage="100% (2/2)"/>
						<line number="102" hits="1"/>
						<line number="104" hits="1"/>
						<line number="106" hits="1"/>
						<line number="107" hits="1"/>
						<line number="113" hits="1" branch="true" condition-coverage="100% (2/2)"/>
						<line number="114" hits="1"/>
						<line number="116" hits="1"/>
						<line number="118" hits="1"/>
						<line number="119" hits="1"/>
						<line number="120" hits="1"/>
						<line number="121" hits="1"/>
						<line number="122" hits="1" branch="true" condition-coverage="100% (2/2)"/>
						<line number="123" hits="1"/>
						<line number="124" hits="1" branch="true" condition-coverage="50% (1/2)" missing-branches="129"/>
						<line number="125" hits="1"/>
						<line number="129" hits="0"/>
						<line number="130" hits="0"/>
						<line number="132" hits="1"/>
						<line number="133" hits="1"/>
						<line number="134" hits="1"/>
						<line number="135" hits="1" branch="true" condition-coverage="100% (2/2)"/>
						<line number="136" hits="1"/>
						<line number="137" hits="1"/>
						<line number="138" hits="1"/>
						<line number="140" hits="1"/>
						<line number="141" hits="1"/>
						<line number="143" hits="1"/>
						<line number="144" hits="1" branch="true" condition-coverage="50% (1/2)" missing-branches="145"/>
						<line number="145" hits="0" branch="true" condition-coverage="0% (0/2)" missing-branches="150,165"/>
						<line number="150" hits="0"/>
						<line number="158" hits="0"/>
						<line number="162" hits="0"/>
						<line number="163" hits="0"/>
						<line number="165" hits="0"/>
						<line number="173" hits="0"/>
						<line number="175" hits="1"/>
						<line number="177" hits="1"/>
						<line number="179" hits="1"/>
						<line number="188" hits="1"/>
						<line number="195" hits="1"/>
						<line number="197" hits="1"/>
						<line number="199" hits="1"/>
						<line number="201" hits="1" branch="true" condition-coverage="50% (1/2)" missing-branches="202"/>
						<line number="202" hits="0"/>
						<line number="204" hits="1"/>
						<line number="207" hits="1"/>
						<line number="209" hits="1" branch="true" condition-coverage="50% (1/2)" missing-branches="218"/>
						<line number="210" hits="1"/>
						<line number="211" hits="1" branch="true" condition-coverage="100% (2/2)"/>
						<line number="215" hits="1"/>
						<line number="216" hits="1"/>
						<line number="218" hits="0"/>
						<line number="220" hits="1"/>
						<line number="230" hits="1"/>
						<line number="236" hits="1"/>
						<line number="240" hits="1"/>
						<line number="242" hits="1"/>
						<line number="244" hits="1"/>
						<line number="246" hits="1" branch="true" condition-coverage="100% (2/2)"/>
						<line number="247" hits="1"/>
						<line number="249" hits="1"/>
						<line number="252" hits="1" branch="true" condition-coverage="50% (1/2)" missing-branches="272"/>
						<line number="253" hits="1"/>
						<line number="254" hits="1" branch="true" condition-coverage="100% (2/2)"/>
						<line number="255" hits="1"/>
						<line number="256" hits="1" branch="true" condition-coverage="100% (2/2)"/>
						<line number="257" hits="1"/>
						<line number="258" hits="1" branch="true" condition-coverage="50% (1/2)" missing-branches="259"/>
						<line number="259" hits="0"/>
						<line number="260" hits="1"/>
						<line number="261" hits="1" branch="true" condition-coverage="100% (2/2)"/>
						<line number="264" hits="1"/>
						<line number="266" hits="1" branch="true" condition-coverage="50% (1/2)" missing-branches="exit"/>
						<line number="267" hits="1"/>
						<line number="268" hits="1"/>
						<line number="269" hits="1"/>
						<line number="270" hits="1"/>
						<line number="272" hits="0"/>
						<line number="274" hits="1"/>
						<line number="281" hits="1"/>
						<line number="285" hits="1"/>
						<line number="292" hits="1"/>
						<line number="296" hits="1"/>
						<line number="303" hits="1" branch="true" condition-coverage="100% (2/2)"/>
						<line number="304" hits="1"/>
						<line number="307" hits="1"/>
						<line number="310" hits="1"/>
						<line number="314" hits="1"/>
						<line number="316" hits="1" branch="true" condition-coverage="100% (2/2)"/>
						<line number="317" hits="1"/>
						<line number="323" hits="1"/>
						<line number="325" hits="1"/>
						<line number="327" hits="1"/>
						<line number="334" hits="1"/>
						<line number="340" hits="1"/>
						<line number="344" hits="1"/>
						<line number="351" hits="1"/>
						<line number="356" hits="1" branch="true" condition-coverage="50% (1/2)" missing-branches="361"/>
						<line number="357" hits="1"/>
						<line number="358" hits="1"/>
						<line number="359" hits="1"/>
						<line number="361" hits="0"/>
						<line number="363" hits="1"/>
						<line number="369" hits="1"/>
						<line number="375" hits="1"/>
						<line number="378" hits="1"/>
						<line number="383" hits="1" branch="true" condition-coverage="100% (2/2)"/>
						<line number="384" hits="1"/>
						<line number="385" hits="1"/>
						<line number="386" hits="1"/>
						<line number="387" hits="1" branch="true" condition-coverage="50% (1/2)" missing-branches="392"/>
						<line number="388" hits="1"/>
						<line number="389" hits="1"/>
						<line number="390" hits="1"/>
						<line number="392" hits="0"/>
						<line number="394" hits="1"/>
						<line number="401" hits="1" branch="true" condition-coverage="100% (2/2)"/>
						<line number="402" hits="1"/>
						<line number="404" hits="1"/>
						<line number="406" hits="1"/>
						<line number="413" hits="1"/>
						<line number="420" hits="1" branch="true" condition-coverage="100% (2/2)"/>
						<line number="421" hits="1"/>
						<line number="423" hits="1"/>
						<line number="425" hits="1"/>
						<line number="429" hits="1"/>
						<line number="436" hits="1"/>
						<line number="440" hits="1"/>
						<line number="447" hits="1" branch="true" condition-coverage="100% (2/2)"/>
						<line number="448" hits="1"/>
						<line number="449" hits="1"/>
						<line number="452" hits="1" branch="true" condition-coverage="50% (1/2)" missing-branches="453"/>
						<line number="453" hits="0"/>
						<line number="458" hits="1"/>
						<line number="462" hits="1"/>
						<line number="464" hits="1" branch="true" condition-coverage="50% (1/2)" missing-branches="473"/>
						<line number="465" hits="1"/>
						<line number="471" hits="1"/>
						<line number="473" hits="0"/>
						<line number="475" hits="1"/>
						<line number="487" hits="1"/>
						<line number="488" hits="1" branch="true" condition-coverage="100% (2/2)"/>
						<line number="489" hits="1"/>
						<line number="495" hits="1"/>
						<line number="497" hits="1"/>
						<line number="501" hits="1"/>
						<line number="507" hits="1"/>
						<line number="516" hits="1"/>
						<line number="521" hits="1" branch="true" condition-coverage="50% (1/2)" missing-branches="529"/>
						<line number="522" hits="1"/>
						<line number="523" hits="1" branch="true" condition-coverage="50% (1/2)" missing-branches="526"/>
						<line number="524" hits="1"/>
						<line number="526" hits="0"/>
						<line number="527" hits="1"/>
						<line number="529" hits="0"/>
						<line number="531" hits="1"/>
						<line number="550" hits="1"/>
						<line number="551" hits="1" branch="true" condition-coverage="100% (2/2)"/>
						<line number="552" hits="1"/>
						<line number="558" hits="1"/>
						<line number="560" hits="1"/>
						<line number="564" hits="1"/>
						<line number="570" hits="1"/>
						<line number="579" hits="1"/>
						<line number="584" hits="1" branch="true" condition-coverage="50% (1/2)" missing-branches="592"/>
						<line number="585" hits="1"/>
						<line number="586" hits="1" branch="true" condition-coverage="50% (1/2)" missing-branches="587"/>
						<line number="587" hits="0"/>
						<line number="589" hits="1"/>
						<line number="590" hits="1"/>
						<line number="592" hits="0"/>
						<line number="594" hits="1"/>
						<line number="601" hits="1"/>
						<line number="605" hits="1"/>
						<line number="611" hits="1"/>
						<line number="613" hits="1" branch="true" condition-coverage="100% (2/2)"/>
						<line number="614" hits="1"/>
						<line number="615" hits="1"/>
						<line number="616" hits="1"/>
						<line number="617" hits="1" branch="true" condition-coverage="50% (1/2)" missing-branches="622"/>
						<line number="618" hits="1"/>
						<line number="619" hits="1"/>
						<line number="620" hits="1"/>
						<line number="622" hits="0"/>
						<line number="624" hits="1"/>
						<line number="632" hits="1"/>
						<line number="634" hits="1"/>
						<line number="641" hits="1"/>
						<line number="648" hits="1"/>
						<line number="652" hits="1"/>
						<line number="659" hits="1" branch="true" condition-coverage="100% (2/2)"/>
						<line number="660" hits="1"/>
						<line number="661" hits="1"/>
						<line number="664" hits="1"/>
						<line number="668" hits="1"/>
						<line number="670" hits="1" branch="true" condition-coverage="50% (1/2)" missing-branches="679"/>
						<line number="671" hits="1"/>
						<line number="677" hits="1"/>
						<line number="679" hits="0"/>
						<line number="681" hits="1"/>
						<line number="693" hits="1"/>
						<line number="694" hits="1" branch="true" condition-coverage="100% (2/2)"/>
						<line number="695" hits="1"/>
						<line number="701" hits="1"/>
						<line number="703" hits="1"/>
						<line number="707" hits="1"/>
						<line number="713" hits="1"/>
						<line number="722" hits="1"/>
						<line number="727" hits="1" branch="true" condition-coverage="50% (1/2)" missing-branches="735"/>
						<line number="728" hits="1"/>
						<line number="729" hits="1" branch="true" condition-coverage="50% (1/2)" missing-branches="732"/>
						<line number="730" hits="1"/>
						<line number="732" hits="0"/>
						<line number="733" hits="1"/>
						<line number="735" hits="0"/>
						<line number="737" hits="1"/>
						<line number="750" hits="1"/>
						<line number="751" hits="1" branch="true" condition-coverage="100% (2/2)"/>
						<line number="752" hits="1"/>
						<line number="758" hits="1"/>
						<line number="760" hits="1"/>
						<line number="764" hits="1"/>
						<line number="770" hits="1"/>
						<line number="779" hits="1"/>
						<line number="784" hits="1" branch="true" condition-coverage="50% (1/2)" missing-branches="792"/>
						<line number="785" hits="1"/>
						<line number="786" hits="1" branch="true" condition-coverage="50% (1/2)" missing-branches="787"/>
						<line number="787" hits="0"/>
						<line number="789" hits="1"/>
						<line number="790" hits="1"/>
						<line number="792" hits="0"/>
						<line number="794" hits="1"/>
						<line number="801" hits="1"/>
						<line number="805" hits="1"/>
						<line number="811" hits="1"/>
						<line number="813" hits="1" branch="true" condition-coverage="100% (2/2)"/>
						<line number="814" hits="1"/>
						<line number="815" hits="1"/>
						<line number="816" hits="1"/>
						<line number="817" hits="1" branch="true" condition-coverage="50% (1/2)" missing-branches="822"/>
						<line number="818" hits="1"/>
						<line number="819" hits="1"/>
						<line number="820" hits="1"/>
						<line number="822" hits="0"/>
						<line number="824" hits="1"/>
						<line number="832" hits="1"/>
						<line number="834" hits="1"/>
						<line number="841" hits="1"/>
						<line number="850" hits="1"/>
						<line number="854" hits="1"/>
						<line number="861" hits="1" branch="true" condition-coverage="100% (2/2)"/>
						<line number="862" hits="1"/>
						<line number="867" hits="1"/>
						<line number="870" hits="1" branch="true" condition-coverage="100% (2/2)"/>
						<line number="871" hits="1"/>
						<line number="875" hits="1"/>
						<line number="876" hits="1" branch="true" condition-coverage="50% (1/2)" missing-branches="885"/>
						<line number="877" hits="1"/>
						<line number="878" hits="1"/>
						<line number="879" hits="1"/>
						<line number="883" hits="1"/>
						<line number="885" hits="0"/>
						<line number="887" hits="1" branch="true" condition-coverage="100% (2/2)"/>
						<line number="888" hits="1"/>
						<line number="894" hits="1"/>
						<line number="896" hits="1"/>
						<line number="898" hits="1"/>
						<line number="920" hits="1"/>
						<line number="921" hits="1"/>
						<line number="922" hits="1" branch="true" condition-coverage="50% (1/2)" missing-branches="927"/>
						<line number="923" hits="1"/>
						<line number="927" hits="0"/>
						<line number="929" hits="1" branch="true" condition-coverage="100% (2/2)"/>
						<line number="930" hits="1"/>
						<line number="936" hits="1"/>
						<line number="937" hits="1" branch="true" condition-coverage="100% (2/2)"/>
						<line number="938" hits="1"/>
						<line number="943" hits="1"/>
						<line number="945" hits="1"/>
						<line number="949" hits="1"/>
						<line number="955" hits="1"/>
						<line number="956" hits="1" branch="true" condition-coverage="100% (2/2)"/>
						<line number="957" hits="1" branch="true" condition-coverage="100% (2/2)"/>
						<line number="958" hits="1" branch="true" condition-coverage="100% (2/2)"/>
						<line number="959" hits="1"/>
						<line number="961" hits="1"/>
						<line number="962" hits="1" branch="true" condition-coverage="50% (1/2)" missing-branches="957"/>
						<line number="963" hits="1"/>
						<line number="965" hits="1"/>
						<line number="976" hits="1"/>
						<line number="981" hits="1" branch="true" condition-coverage="100% (2/2)"/>
						<line number="982" hits="1"/>
						<line number="983" hits="1" branch="true" condition-coverage="50% (1/2)" missing-branches="988"/>
						<line number="984" hits="1"/>
						<line number="988" hits="0"/>
						<line number="989" hits="1"/>
						<line number="991" hits="1"/>
						<line number="993" hits="1"/>
						<line number="1014" hits="1" branch="true" condition-coverage="50% (1/2)" missing-branches="1015"/>
						<line number="1015" hits="0"/>
						<line number="1020" hits="0"/>
						<line number="1022" hits="1"/>
						<line number="1026" hits="1"/>
						<line number="1032" hits="1"/>
						<line number="1033" hits="1" branch="true" condition-coverage="50% (1/2)" missing-branches="1042"/>
						<line number="1034" hits="1" branch="true" condition-coverage="100% (2/2)"/>
						<line number="1035" hits="1" branch="true" condition-coverage="50% (1/2)" missing-branches="1038"/>
						<line number="1036" hits="1"/>
						<line number="1038" hits="0"/>
						<line number="1039" hits="0" branch="true" condition-coverage="0% (0/2)" missing-branches="1034,1040"/>
						<line number="1040" hits="0"/>
						<line number="1042" hits="1"/>
						<line number="1043" hits="1"/>
						<line number="1044" hits="1"/>
						<line number="1056" hits="1"/>
						<line number="1061" hits="1" branch="true" condition-coverage="50% (1/2)" missing-branches="1069"/>
						<line number="1062" hits="1"/>
						<line number="1063" hits="1" branch="true" condition-coverage="50% (1/2)" missing-branches="1064"/>
						<line number="1064" hits="0"/>
						<line number="1066" hits="1"/>
						<line number="1067" hits="1"/>
						<line number="1069" hits="0"/>
						<line number="1071" hits="1"/>
						<line number="1078" hits="1"/>
						<line number="1082" hits="1"/>
						<line number="1088" hits="1"/>
						<line number="1093" hits="1" branch="true" condition-coverage="100% (2/2)"/>
						<line number="1094" hits="1"/>
						<line number="1095" hits="1"/>
						<line number="1096" hits="1"/>
						<line number="1097" hits="1" branch="true" condition-coverage="50% (1/2)" missing-branches="1102"/>
						<line number="1098" hits="1"/>
						<line number="1099" hits="1"/>
						<line number="1100" hits="1"/>
						<line number="1102" hits="0"/>
						<line number="1104" hits="1"/>
						<line number="1113" hits="1"/>
						<line number="1119" hits="1"/>
						<line number="1123" hits="1"/>
						<line number="1124" hits="1"/>
						<line number="1125" hits="1"/>
						<line number="1127" hits="1" branch="true" condition-coverage="100% (2/2)"/>
						<line number="1128" hits="1"/>
						<line number="1129" hits="1"/>
						<line number="1130" hits="1"/>
						<line number="1132" hits="1"/>
						<line number="1134" hits="1"/>
						<line number="1141" hits="1"/>
						<line number="1143" hits="1" branch="true" condition-coverage="100% (2/2)"/>
						<line number="1144" hits="1"/>
						<line number="1148" hits="1"/>
						<line number="1152" hits="1"/>
						<line number="1158" hits="1"/>
						<line number="1162" hits="1"/>
						<line number="1164" hits="1" branch="true" condition-coverage="100% (2/2)"/>
						<line number="1165" hits="1"/>
						<line number="1170" hits="1"/>
						<line number="1171" hits="1" branch="true" condition-coverage="50% (1/2)" missing-branches="1177"/>
						<line number="1172" hits="1"/>
						<line number="1173" hits="1"/>
						<line number="1174" hits="1"/>
						<line number="1177" hits="0"/>
						<line number="1178" hits="0"/>
						<line number="1179" hits="0"/>
						<line number="1181" hits="1"/>
						<line number="1207" hits="1"/>
						<line number="1208" hits="1" branch="true" condition-coverage="100% (2/2)"/>
						<line number="1209" hits="1"/>
						<line number="1211" hits="1"/>
						<line number="1215" hits="1"/>
						<line number="1221" hits="1"/>
						<line number="1235" hits="1"/>
						<line number="1240" hits="1" branch="true" condition-coverage="100% (2/2)"/>
						<line number="1241" hits="1"/>
						<line number="1242" hits="1"/>
						<line number="1243" hits="1"/>
						<line number="1245" hits="1"/>
						<line number="1247" hits="1"/>
						<line number="1254" hits="1"/>
						<line number="1258" hits="1"/>
						<line number="1264" hits="1"/>
						<line number="1268" hits="1"/>
						<line number="1269" hits="1" branch="true" condition-coverage="100% (2/2)"/>
						<line number="1270" hits="1"/>
						<line number="1271" hits="1"/>
						<line number="1276" hits="1" branch="true" condition-coverage="50% (1/2)" missing-branches="1280"/>
						<line number="1277" hits="1"/>
						<line number="1278" hits="1"/>
						<line number="1279" hits="1"/>
						<line number="1280" hits="0" branch="true" condition-coverage="0% (0/2)" missing-branches="1281,1285"/>
						<line number="1281" hits="0"/>
						<line number="1282" hits="0"/>
						<line number="1283" hits="0"/>
						<line number="1285" hits="0"/>
						<line number="1286" hits="1" branch="true" condition-coverage="50% (1/2)" missing-branches="1291"/>
						<line number="1287" hits="1"/>
						<line number="1288" hits="1"/>
						<line number="1289" hits="1"/>
						<line number="1291" hits="0"/>
						<line number="1293" hits="1"/>
						<line number="1300" hits="1"/>
						<line number="1307" hits="1"/>
						<line number="1314" hits="1"/>
						<line number="1318" hits="1"/>
						<line number="1324" hits="1"/>
						<line number="1328" hits="1"/>
						<line number="1330" hits="1" branch="true" condition-coverage="100% (2/2)"/>
						<line number="1331" hits="1"/>
						<line number="1336" hits="1"/>
						<line number="1337" hits="1" branch="true" condition-coverage="50% (1/2)" missing-branches="1343"/>
						<line number="1338" hits="1"/>
						<line number="1339" hits="1"/>
						<line number="1340" hits="1"/>
						<line number="1343" hits="0"/>
						<line number="1344" hits="0"/>
						<line number="1345" hits="0"/>
						<line number="1347" hits="1"/>
						<line number="1353" hits="1"/>
						<line number="1357" hits="1"/>
						<line number="1364" hits="1"/>
						<line number="1368" hits="1"/>
						<line number="1374" hits="1"/>
						<line number="1378" hits="1"/>
						<line number="1380" hits="1" branch="true" condition-coverage="100% (2/2)"/>
						<line number="1381" hits="1"/>
						<line number="1386" hits="1"/>
						<line number="1387" hits="1" branch="true" condition-coverage="50% (1/2)" missing-branches="1392"/>
						<line number="1388" hits="1"/>
						<line number="1389" hits="1"/>
						<line number="1390" hits="1"/>
						<line number="1392" hits="0"/>
						<line number="1393" hits="0"/>
						<line number="1394" hits="0"/>
						<line number="1396" hits="1"/>
						<line number="1403" hits="1"/>
						<line number="1407" hits="1"/>
						<line number="1413" hits="1"/>
						<line number="1417" hits="1"/>
						<line number="1419" hits="1" branch="true" condition-coverage="100% (2/2)"/>
						<line number="1420" hits="1"/>
						<line number="1425" hits="1"/>
						<line number="1426" hits="1" branch="true" condition-coverage="50% (1/2)" missing-branches="1431"/>
						<line number="1427" hits="1"/>
						<line number="1428" hits="1"/>
						<line number="1429" hits="1"/>
						<line number="1431" hits="0"/>
						<line number="1432" hits="0"/>
						<line number="1433" hits="0"/>
						<line number="1435" hits="1"/>
						<line number="1459" hits="1"/>
						<line number="1465" hits="1"/>
						<line number="1469" hits="1"/>
						<line number="1482" hits="1"/>
						<line number="1487" hits="1" branch="true" condition-coverage="50% (1/2)" missing-branches="1492"/>
						<line number="1488" hits="1"/>
						<line number="1489" hits="1"/>
						<line number="1490" hits="1"/>
						<line number="1492" hits="0"/>
						<line number="1494" hits="1"/>
						<line number="1501" hits="1"/>
						<line number="1505" hits="1"/>
						<line number="1511" hits="1"/>
						<line number="1515" hits="1"/>
						<line number="1517" hits="1" branch="true" condition-coverage="100% (2/2)"/>
						<line number="1518" hits="1"/>
						<line number="1519" hits="1"/>
						<line number="1524" hits="1" branch="true" condition-coverage="50% (1/2)" missing-branches="1528"/>
						<line number="1525" hits="1"/>
						<line number="1526" hits="1"/>
						<line number="1527" hits="1"/>
						<line number="1528" hits="0" branch="true" condition-coverage="0% (0/2)" missing-branches="1529,1533"/>
						<line number="1529" hits="0"/>
						<line number="1530" hits="0"/>
						<line number="1531" hits="0"/>
						<line number="1533" hits="0"/>
						<line number="1534" hits="1" branch="true" condition-coverage="50% (1/2)" missing-branches="1539"/>
						<line number="1535" hits="1"/>
						<line number="1536" hits="1"/>
						<line number="1537" hits="1"/>
						<line number="1539" hits="0"/>
						<line number="1541" hits="1"/>
						<line number="1547" hits="1"/>
						<line number="1551" hits="1"/>
						<line number="1561" hits="1"/>
						<line number="1565" hits="1" branch="true" condition-coverage="100% (2/2)"/>
						<line number="1566" hits="1"/>
						<line number="1571" hits="1" branch="true" condition-coverage="50% (1/2)" missing-branches="1590"/>
						<line number="1573" hits="1"/>
						<line number="1577" hits="1"/>
						<line number="1579" hits="1" branch="true" condition-coverage="100% (2/2)"/>
						<line number="1580" hits="1"/>
						<line number="1581" hits="1"/>
						<line number="1582" hits="1" branch="true" condition-coverage="50% (1/2)" missing-branches="1585"/>
						<line number="1583" hits="1"/>
						<line number="1585" hits="0" branch="true" condition-coverage="0% (0/2)" missing-branches="exit,1590"/>
						<line number="1590" hits="1"/>
						<line number="1592" hits="1"/>
						<line number="1601" hits="1"/>
						<line number="1607" hits="1"/>
						<line number="1611" hits="1"/>
						<line number="1619" hits="1"/>
						<line number="1625" hits="1" branch="true" condition-coverage="50% (1/2)" missing-branches="1630"/>
						<line number="1626" hits="1"/>
						<line number="1627" hits="1"/>
						<line number="1628" hits="1"/>
						<line number="1630" hits="0"/>
						<line number="1632" hits="1"/>
						<line number="1642" hits="1"/>
						<line number="1646" hits="1"/>
						<line number="1652" hits="1"/>
						<line number="1654" hits="1" branch="true" condition-coverage="100% (2/2)"/>
						<line number="1656" hits="1"/>
						<line number="1658" hits="1"/>
						<line number="1661" hits="1"/>
						<line number="1669" hits="1" branch="true" condition-coverage="50% (1/2)" missing-branches="1671"/>
						<line number="1670" hits="1"/>
						<line number="1671" hits="1" branch="true" condition-coverage="50% (1/2)" missing-branches="1674"/>
						<line number="1672" hits="1"/>
						<line number="1674" hits="1"/>
						<line number="1680" hits="1" branch="true" condition-coverage="50% (1/2)" missing-branches="1685"/>
						<line number="1681" hits="1"/>
						<line number="1682" hits="1"/>
						<line number="1683" hits="1"/>
						<line number="1685" hits="0"/>
						<line number="1687" hits="1"/>
						<line number="1695" hits="1"/>
						<line number="1699" hits="1"/>
						<line number="1706" hits="1"/>
						<line number="1710" hits="1"/>
						<line number="1711" hits="1" branch="true" condition-coverage="100% (2/2)"/>
						<line number="1712" hits="1"/>
						<line number="1713" hits="1"/>
						<line number="1718" hits="1" branch="true" condition-coverage="50% (1/2)" missing-branches="1722"/>
						<line number="1719" hits="1"/>
						<line number="1720" hits="1"/>
						<line number="1721" hits="1"/>
						<line number="1722" hits="0" branch="true" condition-coverage="0% (0/2)" missing-branches="1723,1727"/>
						<line number="1723" hits="0"/>
						<line number="1724" hits="0"/>
						<line number="1725" hits="0"/>
						<line number="1727" hits="0"/>
						<line number="1728" hits="1" branch="true" condition-coverage="50% (1/2)" missing-branches="1733"/>
						<line number="1729" hits="1"/>
						<line number="1730" hits="1"/>
						<line number="1731" hits="1"/>
						<line number="1733" hits="0"/>
						<line number="1735" hits="1"/>
						<line number="1741" hits="1"/>
						<line number="1748" hits="1"/>
						<line number="1755" hits="1"/>
						<line number="1759" hits="1"/>
						<line number="1765" hits="1"/>
						<line number="1769" hits="1"/>
						<line number="1771" hits="1" branch="true" condition-coverage="100% (2/2)"/>
						<line number="1772" hits="1"/>
						<line number="1777" hits="1"/>
						<line number="1778" hits="1" branch="true" condition-coverage="50% (1/2)" missing-branches="1783"/>
						<line number="1779" hits="1"/>
						<line number="1780" hits="1"/>
						<line number="1781" hits="1"/>
						<line number="1783" hits="0"/>
						<line number="1785" hits="1"/>
						<line number="1833" hits="1"/>
						<line number="1839" hits="1"/>
						<line number="1844" hits="1" branch="true" condition-coverage="100% (2/2)"/>
						<line number="1845" hits="1"/>
						<line number="1848" hits="1"/>
						<line number="1851" hits="1" branch="true" condition-coverage="100% (2/2)"/>
						<line number="1852" hits="1"/>
						<line number="1863" hits="1" branch="true" condition-coverage="50% (1/2)" missing-branches="1871"/>
						<line number="1864" hits="1"/>
						<line number="1871" hits="0" branch="true" condition-coverage="0% (0/2)" missing-branches="1872,1880"/>
						<line number="1872" hits="0" branch="true" condition-coverage="0% (0/2)" missing-branches="1873,1880"/>
						<line number="1873" hits="0"/>
						<line number="1880" hits="1" branch="true" condition-coverage="50% (1/2)" missing-branches="1886"/>
						<line number="1881" hits="1"/>
						<line number="1886" hits="1" branch="true" condition-coverage="50% (1/2)" missing-branches="1893"/>
						<line number="1887" hits="1"/>
						<line number="1893" hits="1" branch="true" condition-coverage="50% (1/2)" missing-branches="1903"/>
						<line number="1894" hits="1"/>
						<line number="1903" hits="1" branch="true" condition-coverage="50% (1/2)" missing-branches="1917"/>
						<line number="1904" hits="1" branch="true" condition-coverage="50% (1/2)" missing-branches="1906"/>
						<line number="1905" hits="1"/>
						<line number="1906" hits="0" branch="true" condition-coverage="0% (0/2)" missing-branches="1907,1917"/>
						<line number="1907" hits="0"/>
						<line number="1911" hits="1"/>
						<line number="1912" hits="1"/>
						<line number="1915" hits="1"/>
						<line number="1917" hits="1"/>
						<line number="1923" hits="1" branch="true" condition-coverage="50% (1/2)" missing-branches="1928"/>
						<line number="1924" hits="1"/>
						<line number="1925" hits="1"/>
						<line number="1926" hits="1"/>
						<line number="1928" hits="0"/>
						<line number="1930" hits="1"/>
						<line number="1937" hits="1"/>
						<line number="1941" hits="1"/>
						<line number="1947" hits="1"/>
						<line number="1951" hits="1"/>
						<line number="1952" hits="1" branch="true" condition-coverage="100% (2/2)"/>
						<line number="1953" hits="1"/>
						<line number="1954" hits="1"/>
						<line number="1959" hits="1" branch="true" condition-coverage="50% (1/2)" missing-branches="1963"/>
						<line number="1960" hits="1"/>
						<line number="1961" hits="1"/>
						<line number="1962" hits="1"/>
						<line number="1963" hits="0" branch="true" condition-coverage="0% (0/2)" missing-branches="1964,1968"/>
						<line number="1964" hits="0"/>
						<line number="1965" hits="0"/>
						<line number="1966" hits="0"/>
						<line number="1968" hits="0"/>
						<line number="1969" hits="1" branch="true" condition-coverage="50% (1/2)" missing-branches="1974"/>
						<line number="1970" hits="1"/>
						<line number="1971" hits="1"/>
						<line number="1972" hits="1"/>
						<line number="1974" hits="0"/>
						<line number="1976" hits="1"/>
						<line number="2035" hits="1"/>
						<line number="2039" hits="1"/>
						<line number="2045" hits="1"/>
						<line number="2047" hits="1" branch="true" condition-coverage="100% (2/2)"/>
						<line number="2049" hits="1"/>
						<line number="2051" hits="1"/>
						<line number="2054" hits="1"/>
						<line number="2057" hits="1" branch="true" condition-coverage="100% (2/2)"/>
						<line number="2058" hits="1"/>
						<line number="2063" hits="1" branch="true" condition-coverage="100% (2/2)"/>
						<line number="2064" hits="1"/>
						<line number="2065" hits="1" branch="true" condition-coverage="100% (2/2)"/>
						<line number="2066" hits="1"/>
						<line number="2067" hits="1" branch="true" condition-coverage="100% (2/2)"/>
						<line number="2068" hits="1"/>
						<line number="2069" hits="1" branch="true" condition-coverage="100% (2/2)"/>
						<line number="2070" hits="1"/>
						<line number="2074" hits="1" branch="true" condition-coverage="100% (2/2)"/>
						<line number="2075" hits="1"/>
						<line number="2076" hits="1" branch="true" condition-coverage="100% (2/2)"/>
						<line number="2077" hits="1"/>
						<line number="2080" hits="1" branch="true" condition-coverage="100% (2/2)"/>
						<line number="2085" hits="1"/>
						<line number="2088" hits="1"/>
						<line number="2089" hits="1"/>
						<line number="2090" hits="1" branch="true" condition-coverage="100% (2/2)"/>
						<line number="2091" hits="1"/>
						<line number="2098" hits="1" branch="true" condition-coverage="100% (2/2)"/>
						<line number="2099" hits="1"/>
						<line number="2100" hits="1" branch="true" condition-coverage="100% (2/2)"/>
						<line number="2102" hits="1"/>
						<line number="2107" hits="1" branch="true" condition-coverage="100% (2/2)"/>
						<line number="2108" hits="1"/>
						<line number="2109" hits="1" branch="true" condition-coverage="100% (2/2)"/>
						<line number="2110" hits="1"/>
						<line number="2113" hits="1" branch="true" condition-coverage="100% (2/2)"/>
						<line number="2114" hits="1"/>
						<line number="2120" hits="1" branch="true" condition-coverage="50% (1/2)" missing-branches="2124"/>
						<line number="2121" hits="1"/>
						<line number="2124" hits="1" branch="true" condition-coverage="100% (2/2)"/>
						<line number="2125" hits="1"/>
						<line number="2126" hits="1" branch="true" condition-coverage="100% (2/2)"/>
						<line number="2135" hits="1"/>
						<line number="2148" hits="1" branch="true" condition-coverage="100% (2/2)"/>
						<line number="2149" hits="1"/>
						<line number="2151" hits="1" branch="true" condition-coverage="100% (2/2)"/>
						<line number="2152" hits="1"/>
						<line number="2154" hits="1" branch="true" condition-coverage="100% (2/2)"/>
						<line number="2155" hits="1"/>
						<line number="2157" hits="1" branch="true" condition-coverage="100% (2/2)"/>
						<line number="2158" hits="1"/>
						<line number="2160" hits="1" branch="true" condition-coverage="100% (2/2)"/>
						<line number="2161" hits="1"/>
						<line number="2163" hits="1" branch="true" condition-coverage="100% (2/2)"/>
						<line number="2164" hits="1"/>
						<line number="2169" hits="1" branch="true" condition-coverage="100% (2/2)"/>
						<line number="2170" hits="1"/>
						<line number="2172" hits="1" branch="true" condition-coverage="100% (2/2)"/>
						<line number="2173" hits="1"/>
						<line number="2175" hits="1" branch="true" condition-coverage="100% (2/2)"/>
						<line number="2176" hits="1"/>
						<line number="2178" hits="1" branch="true" condition-coverage="100% (2/2)"/>
						<line number="2179" hits="1"/>
						<line number="2181" hits="1" branch="true" condition-coverage="100% (2/2)"/>
						<line number="2182" hits="1"/>
						<line number="2188" hits="1" branch="true" condition-coverage="50% (1/2)" missing-branches="2192"/>
						<line number="2189" hits="1"/>
						<line number="2192" hits="1" branch="true" condition-coverage="100% (2/2)"/>
						<line number="2194" hits="1"/>
						<line number="2197" hits="1" branch="true" condition-coverage="100% (2/2)"/>
						<line number="2202" hits="1" branch="true" condition-coverage="100% (2/2)"/>
						<line number="2207" hits="1" branch="true" condition-coverage="100% (2/2)"/>
						<line number="2214" hits="1"/>
						<line number="2215" hits="1"/>
						<line number="2216" hits="1"/>
						<line number="2217" hits="1"/>
						<line number="2220" hits="1" branch="true" condition-coverage="100% (2/2)"/>
						<line number="2221" hits="1"/>
						<line number="2222" hits="1" branch="true" condition-coverage="100% (2/2)"/>
						<line number="2223" hits="1"/>
						<line number="2224" hits="1" branch="true" condition-coverage="100% (2/2)"/>
						<line number="2225" hits="1"/>
						<line number="2226" hits="1" branch="true" condition-coverage="100% (2/2)"/>
						<line number="2227" hits="1" branch="true" condition-coverage="50% (1/2)" missing-branches="2229"/>
						<line number="2228" hits="1"/>
						<line number="2229" hits="0" branch="true" condition-coverage="0% (0/2)" missing-branches="2230,2232"/>
						<line number="2230" hits="0"/>
						<line number="2232" hits="1"/>
						<line number="2237" hits="1"/>
						<line number="2240" hits="1"/>
						<line number="2241" hits="1"/>
						<line number="2244" hits="1"/>
						<line number="2246" hits="1"/>
						<line number="2252" hits="1" branch="true" condition-coverage="50% (1/2)" missing-branches="2258"/>
						<line number="2253" hits="1"/>
						<line number="2255" hits="1"/>
						<line number="2256" hits="1"/>
						<line number="2258" hits="0"/>
					</lines>
				</class>
			</classes>
		</package>
	</packages>
</coverage>
